[18:25:04.110] [main] [INFO] Active version: v1.0 - Author: Nightusio
[18:25:04.112] [main] [INFO] Loading StormCity resources...
[18:25:04.220] [main] [INFO] Added configuration component: TokenConfig { path = 'token.yml', subconfigs = '' } [83 ms]
[18:25:06.412] [main] [INFO] Logged in as StormCity (1155940171020247121)
[18:25:06.473] [main] [INFO] Added configuration component: MessageConfig { path = 'messages.yml', subconfigs = '' } [50 ms]
[18:25:06.492] [main] [INFO] Added configuration component: BotConfig { path = 'config.yml', subconfigs = 'storageConfig' } [12 ms]
[18:25:06.493] [main] [INFO] Added injectable object: StorageConfig
[18:25:06.530] [main] [INFO] Added persistence component: DocumentPersistence { prefix = 'stormcity', type = 'FLAT' } [31 ms]
[18:25:06.552] [main] [INFO] Added repository component: MemberRepository [15 ms]
[18:25:06.569] [main] [INFO] Added listener (event) component: ExampleListener { type = 'MessageCreateListener' } [8 ms]
[18:25:06.581] [main] [INFO] Added command component: ExampleCommand { name = 'ping' } [3 ms]
[18:25:06.591] [main] [INFO] Added command component: ReloadCommand { name = 'reload' } [2 ms]
[18:25:06.601] [main] [INFO] Added command component: EmbedCommand { name = 'embed' } [3 ms]
[18:25:06.610] [main] [INFO] Added command component: VerifyCommand { name = 'verify' } [0 ms]
[18:25:06.618] [main] [INFO] Added listener (event) component: ButtonListener { type = 'ButtonClickListener' } [1 ms]
[18:25:06.627] [main] [INFO] Added listener (event) component: MessageSentListener { type = 'MessageCreateListener' } [0 ms]
[18:25:06.636] [main] [INFO] Added listener (event) component: JoinListener { type = 'ServerMemberJoinListener' } [1 ms]
[18:25:08.615] [main] [INFO] Loading complete! Done in 4s 759ms...
[19:11:34.972] [ReadingThread] [INFO] Websocket closed with reason 'Discord commanded a reconnect (Received opcode 7)' and code COMMANDED_RECONNECT (4999) by client!
[19:11:34.975] [ReadingThread] [INFO] Trying to reconnect/resume in 1 seconds!
