[00:02:11.066] [main] [INFO] Active version: v1.0 - Author: Nightusio
[00:02:11.067] [main] [INFO] Loading StormCity resources...
[00:02:11.144] [main] [INFO] Added configuration component: TokenConfig { path = 'token.yml', subconfigs = '' } [65 ms]
[00:02:12.775] [main] [INFO] Logged in as StormCity (1155940171020247121)
[00:02:12.807] [main] [INFO] Added configuration component: MessageConfig { path = 'messages.yml', subconfigs = '' } [30 ms]
[00:02:12.813] [main] [INFO] Added configuration component: BotConfig { path = 'config.yml', subconfigs = 'storageConfig' } [5 ms]
[00:02:12.814] [main] [INFO] Added injectable object: StorageConfig
[00:02:12.849] [main] [INFO] Added persistence component: DocumentPersistence { prefix = 'stormcity', type = 'FLAT' } [27 ms]
[00:02:12.855] [main] [INFO] Added repository component: MemberRepository [6 ms]
[00:02:12.862] [main] [INFO] Added listener (event) component: ExampleListener { type = 'MessageCreateListener' } [5 ms]
[00:02:12.865] [main] [INFO] Added command component: ExampleCommand { name = 'ping' } [2 ms]
[00:02:12.867] [main] [INFO] Added command component: ReloadCommand { name = 'reload' } [2 ms]
[00:02:12.869] [main] [INFO] Added command component: EmbedCommand { name = 'embed' } [2 ms]
[00:02:12.871] [main] [INFO] Added command component: VerifyCommand { name = 'verify' } [0 ms]
[00:02:13.204] [main] [INFO] Loading complete! Done in 2s 342ms...
[00:06:37.111] [main] [INFO] Active version: v1.0 - Author: Nightusio
[00:06:37.112] [main] [INFO] Loading StormCity resources...
[00:06:37.189] [main] [INFO] Added configuration component: TokenConfig { path = 'token.yml', subconfigs = '' } [63 ms]
[00:06:38.937] [main] [INFO] Logged in as StormCity (1155940171020247121)
[00:06:38.967] [main] [INFO] Added configuration component: MessageConfig { path = 'messages.yml', subconfigs = '' } [27 ms]
[00:06:38.974] [main] [INFO] Added configuration component: BotConfig { path = 'config.yml', subconfigs = 'storageConfig' } [5 ms]
[00:06:38.974] [main] [INFO] Added injectable object: StorageConfig
[00:06:39.004] [main] [INFO] Added persistence component: DocumentPersistence { prefix = 'stormcity', type = 'FLAT' } [24 ms]
[00:06:39.011] [main] [INFO] Added repository component: MemberRepository [6 ms]
[00:06:39.018] [main] [INFO] Added listener (event) component: ExampleListener { type = 'MessageCreateListener' } [5 ms]
[00:06:39.023] [main] [INFO] Added command component: ExampleCommand { name = 'ping' } [4 ms]
[00:06:39.025] [main] [INFO] Added command component: ReloadCommand { name = 'reload' } [1 ms]
[00:06:39.028] [main] [INFO] Added command component: EmbedCommand { name = 'embed' } [2 ms]
[00:06:39.029] [main] [INFO] Added command component: VerifyCommand { name = 'verify' } [0 ms]
[00:06:39.030] [main] [INFO] Added listener (event) component: ButtonListener { type = 'ButtonClickListener' } [0 ms]
[00:06:39.413] [main] [INFO] Loading complete! Done in 2s 497ms...
[00:08:57.428] [main] [INFO] Active version: v1.0 - Author: Nightusio
[00:08:57.429] [main] [INFO] Loading StormCity resources...
[00:08:57.504] [main] [INFO] Added configuration component: TokenConfig { path = 'token.yml', subconfigs = '' } [63 ms]
[00:08:59.161] [main] [INFO] Logged in as StormCity (1155940171020247121)
[00:08:59.188] [main] [INFO] Added configuration component: MessageConfig { path = 'messages.yml', subconfigs = '' } [24 ms]
[00:08:59.196] [main] [INFO] Added configuration component: BotConfig { path = 'config.yml', subconfigs = 'storageConfig' } [7 ms]
[00:08:59.196] [main] [INFO] Added injectable object: StorageConfig
[00:08:59.228] [main] [INFO] Added persistence component: DocumentPersistence { prefix = 'stormcity', type = 'FLAT' } [27 ms]
[00:08:59.234] [main] [INFO] Added repository component: MemberRepository [5 ms]
[00:08:59.241] [main] [INFO] Added listener (event) component: ExampleListener { type = 'MessageCreateListener' } [5 ms]
[00:08:59.244] [main] [INFO] Added command component: ExampleCommand { name = 'ping' } [2 ms]
[00:08:59.258] [main] [INFO] Added command component: ReloadCommand { name = 'reload' } [13 ms]
[00:08:59.260] [main] [INFO] Added command component: EmbedCommand { name = 'embed' } [1 ms]
[00:08:59.261] [main] [INFO] Added command component: VerifyCommand { name = 'verify' } [0 ms]
[00:08:59.262] [main] [INFO] Added listener (event) component: ButtonListener { type = 'ButtonClickListener' } [0 ms]
[00:08:59.552] [main] [INFO] Loading complete! Done in 2s 329ms...
[00:10:10.545] [main] [INFO] Active version: v1.0 - Author: Nightusio
[00:10:10.546] [main] [INFO] Loading StormCity resources...
[00:10:10.620] [main] [INFO] Added configuration component: TokenConfig { path = 'token.yml', subconfigs = '' } [64 ms]
[00:10:12.169] [main] [INFO] Logged in as StormCity (1155940171020247121)
[00:10:12.195] [main] [INFO] Added configuration component: MessageConfig { path = 'messages.yml', subconfigs = '' } [21 ms]
[00:10:12.200] [main] [INFO] Added configuration component: BotConfig { path = 'config.yml', subconfigs = 'storageConfig' } [4 ms]
[00:10:12.200] [main] [INFO] Added injectable object: StorageConfig
[00:10:12.236] [main] [INFO] Added persistence component: DocumentPersistence { prefix = 'stormcity', type = 'FLAT' } [31 ms]
[00:10:12.242] [main] [INFO] Added repository component: MemberRepository [6 ms]
[00:10:12.248] [main] [INFO] Added listener (event) component: ExampleListener { type = 'MessageCreateListener' } [5 ms]
[00:10:12.251] [main] [INFO] Added command component: ExampleCommand { name = 'ping' } [3 ms]
[00:10:12.253] [main] [INFO] Added command component: ReloadCommand { name = 'reload' } [2 ms]
[00:10:12.255] [main] [INFO] Added command component: EmbedCommand { name = 'embed' } [2 ms]
[00:10:12.256] [main] [INFO] Added command component: VerifyCommand { name = 'verify' } [0 ms]
[00:10:12.257] [main] [INFO] Added listener (event) component: ButtonListener { type = 'ButtonClickListener' } [0 ms]
[00:10:12.672] [main] [INFO] Loading complete! Done in 2s 327ms...
[00:13:07.336] [main] [INFO] Active version: v1.0 - Author: Nightusio
[00:13:07.337] [main] [INFO] Loading StormCity resources...
[00:13:07.415] [main] [INFO] Added configuration component: TokenConfig { path = 'token.yml', subconfigs = '' } [66 ms]
[00:13:09.103] [main] [INFO] Logged in as StormCity (1155940171020247121)
[00:13:09.130] [main] [INFO] Added configuration component: MessageConfig { path = 'messages.yml', subconfigs = '' } [20 ms]
[00:13:09.137] [main] [INFO] Added configuration component: BotConfig { path = 'config.yml', subconfigs = 'storageConfig' } [6 ms]
[00:13:09.137] [main] [INFO] Added injectable object: StorageConfig
[00:13:09.170] [main] [INFO] Added persistence component: DocumentPersistence { prefix = 'stormcity', type = 'FLAT' } [28 ms]
[00:13:09.177] [main] [INFO] Added repository component: MemberRepository [6 ms]
[00:13:09.184] [main] [INFO] Added listener (event) component: ExampleListener { type = 'MessageCreateListener' } [4 ms]
[00:13:09.186] [main] [INFO] Added command component: ExampleCommand { name = 'ping' } [2 ms]
[00:13:09.188] [main] [INFO] Added command component: ReloadCommand { name = 'reload' } [1 ms]
[00:13:09.191] [main] [INFO] Added command component: EmbedCommand { name = 'embed' } [1 ms]
[00:13:09.192] [main] [INFO] Added command component: VerifyCommand { name = 'verify' } [0 ms]
[00:13:09.193] [main] [INFO] Added listener (event) component: ButtonListener { type = 'ButtonClickListener' } [0 ms]
[00:13:09.494] [main] [INFO] Loading complete! Done in 2s 364ms...
[09:55:55.496] [main] [INFO] Active version: v1.0 - Author: Nightusio
[09:55:55.498] [main] [INFO] Loading StormCity resources...
[09:55:55.637] [main] [INFO] Added configuration component: TokenConfig { path = 'token.yml', subconfigs = '' } [112 ms]
[09:55:59.024] [main] [INFO] Logged in as StormCity (1155940171020247121)
[09:55:59.104] [main] [INFO] Added configuration component: MessageConfig { path = 'messages.yml', subconfigs = '' } [72 ms]
[09:55:59.118] [main] [INFO] Added configuration component: BotConfig { path = 'config.yml', subconfigs = 'storageConfig' } [12 ms]
[09:55:59.119] [main] [INFO] Added injectable object: StorageConfig
[09:55:59.177] [main] [INFO] Added persistence component: DocumentPersistence { prefix = 'stormcity', type = 'FLAT' } [43 ms]
[09:55:59.193] [main] [INFO] Added repository component: MemberRepository [14 ms]
[09:55:59.211] [main] [INFO] Added listener (event) component: ExampleListener { type = 'MessageCreateListener' } [15 ms]
[09:55:59.217] [main] [INFO] Added command component: ExampleCommand { name = 'ping' } [4 ms]
[09:55:59.222] [main] [INFO] Added command component: ReloadCommand { name = 'reload' } [3 ms]
[09:55:59.231] [main] [INFO] Added command component: EmbedCommand { name = 'embed' } [8 ms]
[09:55:59.233] [main] [INFO] Added command component: VerifyCommand { name = 'verify' } [1 ms]
[09:55:59.236] [main] [INFO] Added listener (event) component: ButtonListener { type = 'ButtonClickListener' } [0 ms]
[09:55:59.645] [main] [INFO] Loading complete! Done in 4s 526ms...
[11:57:13.310] [main] [INFO] Active version: v1.0 - Author: Nightusio
[11:57:13.312] [main] [INFO] Loading StormCity resources...
[11:57:13.433] [main] [INFO] Added configuration component: TokenConfig { path = 'token.yml', subconfigs = '' } [102 ms]
[11:57:16.939] [main] [INFO] Logged in as StormCity (1155940171020247121)
[11:57:17.011] [main] [INFO] Added configuration component: MessageConfig { path = 'messages.yml', subconfigs = '' } [57 ms]
[11:57:17.042] [main] [INFO] Added configuration component: BotConfig { path = 'config.yml', subconfigs = 'storageConfig' } [28 ms]
[11:57:17.043] [main] [INFO] Added injectable object: StorageConfig
[11:57:17.094] [main] [INFO] Added persistence component: DocumentPersistence { prefix = 'stormcity', type = 'FLAT' } [42 ms]
[11:57:17.110] [main] [INFO] Added repository component: MemberRepository [14 ms]
[11:57:17.122] [main] [INFO] Added listener (event) component: ExampleListener { type = 'MessageCreateListener' } [9 ms]
[11:57:17.127] [main] [INFO] Added command component: ExampleCommand { name = 'ping' } [4 ms]
[11:57:17.130] [main] [INFO] Added command component: ReloadCommand { name = 'reload' } [2 ms]
[11:57:17.135] [main] [INFO] Added command component: EmbedCommand { name = 'embed' } [4 ms]
[11:57:17.137] [main] [INFO] Added command component: VerifyCommand { name = 'verify' } [1 ms]
[11:57:17.139] [main] [INFO] Added listener (event) component: ButtonListener { type = 'ButtonClickListener' } [1 ms]
[11:57:17.140] [main] [INFO] Added listener (event) component: MessageSentListener { type = 'MessageCreateListener' } [0 ms]
[11:57:17.570] [main] [INFO] Loading complete! Done in 4s 564ms...
[11:57:21.288] [Javacord - Central ExecutorService - 2] [ERROR] Unhandled exception in a listener thread for Storm City!
java.lang.ClassCastException: java.util.concurrent.CompletableFuture incompatible with org.javacord.api.entity.message.Message
	at me.night.hellhard.listener.MessageSentListener.onMessageCreate(MessageSentListener.java:38)
	at org.javacord.core.util.event.EventDispatcher.lambda$dispatchMessageCreateEvent$272(EventDispatcher.java:9168)
	at org.javacord.core.util.event.EventDispatcherBase.lambda$dispatchEvent$12(EventDispatcherBase.java:215)
	at org.javacord.core.util.event.EventDispatcherBase.lambda$checkRunningListenersAndStartIfPossible$20(EventDispatcherBase.java:289)
	at java.base/java.util.concurrent.Executors$RunnableAdapter.call(Executors.java:539)
	at java.base/java.util.concurrent.FutureTask.run(FutureTask.java:264)
	at java.base/java.util.concurrent.ThreadPoolExecutor.runWorker(ThreadPoolExecutor.java:1136)
	at java.base/java.util.concurrent.ThreadPoolExecutor$Worker.run(ThreadPoolExecutor.java:635)
	at java.base/java.lang.Thread.run(Thread.java:857)
[11:57:21.654] [Javacord - Central ExecutorService - 4] [ERROR] Unhandled exception in a listener thread for Storm City!
java.lang.ClassCastException: java.util.concurrent.CompletableFuture incompatible with org.javacord.api.entity.message.Message
	at me.night.hellhard.listener.MessageSentListener.onMessageCreate(MessageSentListener.java:38)
	at org.javacord.core.util.event.EventDispatcher.lambda$dispatchMessageCreateEvent$272(EventDispatcher.java:9168)
	at org.javacord.core.util.event.EventDispatcherBase.lambda$dispatchEvent$12(EventDispatcherBase.java:215)
	at org.javacord.core.util.event.EventDispatcherBase.lambda$checkRunningListenersAndStartIfPossible$20(EventDispatcherBase.java:289)
	at java.base/java.util.concurrent.Executors$RunnableAdapter.call(Executors.java:539)
	at java.base/java.util.concurrent.FutureTask.run(FutureTask.java:264)
	at java.base/java.util.concurrent.ThreadPoolExecutor.runWorker(ThreadPoolExecutor.java:1136)
	at java.base/java.util.concurrent.ThreadPoolExecutor$Worker.run(ThreadPoolExecutor.java:635)
	at java.base/java.lang.Thread.run(Thread.java:857)
[11:57:22.016] [Javacord - Central ExecutorService - 2] [ERROR] Unhandled exception in a listener thread for Storm City!
java.lang.ClassCastException: java.util.concurrent.CompletableFuture incompatible with org.javacord.api.entity.message.Message
	at me.night.hellhard.listener.MessageSentListener.onMessageCreate(MessageSentListener.java:38)
	at org.javacord.core.util.event.EventDispatcher.lambda$dispatchMessageCreateEvent$272(EventDispatcher.java:9168)
	at org.javacord.core.util.event.EventDispatcherBase.lambda$dispatchEvent$12(EventDispatcherBase.java:215)
	at org.javacord.core.util.event.EventDispatcherBase.lambda$checkRunningListenersAndStartIfPossible$20(EventDispatcherBase.java:289)
	at java.base/java.util.concurrent.Executors$RunnableAdapter.call(Executors.java:539)
	at java.base/java.util.concurrent.FutureTask.run(FutureTask.java:264)
	at java.base/java.util.concurrent.ThreadPoolExecutor.runWorker(ThreadPoolExecutor.java:1136)
	at java.base/java.util.concurrent.ThreadPoolExecutor$Worker.run(ThreadPoolExecutor.java:635)
	at java.base/java.lang.Thread.run(Thread.java:857)
[11:57:22.350] [Javacord - Central ExecutorService - 2] [ERROR] Unhandled exception in a listener thread for Storm City!
java.lang.ClassCastException: java.util.concurrent.CompletableFuture incompatible with org.javacord.api.entity.message.Message
	at me.night.hellhard.listener.MessageSentListener.onMessageCreate(MessageSentListener.java:38)
	at org.javacord.core.util.event.EventDispatcher.lambda$dispatchMessageCreateEvent$272(EventDispatcher.java:9168)
	at org.javacord.core.util.event.EventDispatcherBase.lambda$dispatchEvent$12(EventDispatcherBase.java:215)
	at org.javacord.core.util.event.EventDispatcherBase.lambda$checkRunningListenersAndStartIfPossible$20(EventDispatcherBase.java:289)
	at java.base/java.util.concurrent.Executors$RunnableAdapter.call(Executors.java:539)
	at java.base/java.util.concurrent.FutureTask.run(FutureTask.java:264)
	at java.base/java.util.concurrent.ThreadPoolExecutor.runWorker(ThreadPoolExecutor.java:1136)
	at java.base/java.util.concurrent.ThreadPoolExecutor$Worker.run(ThreadPoolExecutor.java:635)
	at java.base/java.lang.Thread.run(Thread.java:857)
[11:57:22.845] [Javacord - Central ExecutorService - 4] [ERROR] Unhandled exception in a listener thread for Storm City!
java.lang.ClassCastException: java.util.concurrent.CompletableFuture incompatible with org.javacord.api.entity.message.Message
	at me.night.hellhard.listener.MessageSentListener.onMessageCreate(MessageSentListener.java:38)
	at org.javacord.core.util.event.EventDispatcher.lambda$dispatchMessageCreateEvent$272(EventDispatcher.java:9168)
	at org.javacord.core.util.event.EventDispatcherBase.lambda$dispatchEvent$12(EventDispatcherBase.java:215)
	at org.javacord.core.util.event.EventDispatcherBase.lambda$checkRunningListenersAndStartIfPossible$20(EventDispatcherBase.java:289)
	at java.base/java.util.concurrent.Executors$RunnableAdapter.call(Executors.java:539)
	at java.base/java.util.concurrent.FutureTask.run(FutureTask.java:264)
	at java.base/java.util.concurrent.ThreadPoolExecutor.runWorker(ThreadPoolExecutor.java:1136)
	at java.base/java.util.concurrent.ThreadPoolExecutor$Worker.run(ThreadPoolExecutor.java:635)
	at java.base/java.lang.Thread.run(Thread.java:857)
[11:57:23.245] [Javacord - Central ExecutorService - 2] [ERROR] Unhandled exception in a listener thread for Storm City!
java.lang.ClassCastException: java.util.concurrent.CompletableFuture incompatible with org.javacord.api.entity.message.Message
	at me.night.hellhard.listener.MessageSentListener.onMessageCreate(MessageSentListener.java:38)
	at org.javacord.core.util.event.EventDispatcher.lambda$dispatchMessageCreateEvent$272(EventDispatcher.java:9168)
	at org.javacord.core.util.event.EventDispatcherBase.lambda$dispatchEvent$12(EventDispatcherBase.java:215)
	at org.javacord.core.util.event.EventDispatcherBase.lambda$checkRunningListenersAndStartIfPossible$20(EventDispatcherBase.java:289)
	at java.base/java.util.concurrent.Executors$RunnableAdapter.call(Executors.java:539)
	at java.base/java.util.concurrent.FutureTask.run(FutureTask.java:264)
	at java.base/java.util.concurrent.ThreadPoolExecutor.runWorker(ThreadPoolExecutor.java:1136)
	at java.base/java.util.concurrent.ThreadPoolExecutor$Worker.run(ThreadPoolExecutor.java:635)
	at java.base/java.lang.Thread.run(Thread.java:857)
[11:57:23.587] [Javacord - Central ExecutorService - 2] [ERROR] Unhandled exception in a listener thread for Storm City!
java.lang.ClassCastException: java.util.concurrent.CompletableFuture incompatible with org.javacord.api.entity.message.Message
	at me.night.hellhard.listener.MessageSentListener.onMessageCreate(MessageSentListener.java:38)
	at org.javacord.core.util.event.EventDispatcher.lambda$dispatchMessageCreateEvent$272(EventDispatcher.java:9168)
	at org.javacord.core.util.event.EventDispatcherBase.lambda$dispatchEvent$12(EventDispatcherBase.java:215)
	at org.javacord.core.util.event.EventDispatcherBase.lambda$checkRunningListenersAndStartIfPossible$20(EventDispatcherBase.java:289)
	at java.base/java.util.concurrent.Executors$RunnableAdapter.call(Executors.java:539)
	at java.base/java.util.concurrent.FutureTask.run(FutureTask.java:264)
	at java.base/java.util.concurrent.ThreadPoolExecutor.runWorker(ThreadPoolExecutor.java:1136)
	at java.base/java.util.concurrent.ThreadPoolExecutor$Worker.run(ThreadPoolExecutor.java:635)
	at java.base/java.lang.Thread.run(Thread.java:857)
[11:57:28.609] [Javacord - Central ExecutorService - 2] [ERROR] Unhandled exception in a listener thread for Storm City!
java.lang.ClassCastException: java.util.concurrent.CompletableFuture incompatible with org.javacord.api.entity.message.Message
	at me.night.hellhard.listener.MessageSentListener.onMessageCreate(MessageSentListener.java:38)
	at org.javacord.core.util.event.EventDispatcher.lambda$dispatchMessageCreateEvent$272(EventDispatcher.java:9168)
	at org.javacord.core.util.event.EventDispatcherBase.lambda$dispatchEvent$12(EventDispatcherBase.java:215)
	at org.javacord.core.util.event.EventDispatcherBase.lambda$checkRunningListenersAndStartIfPossible$20(EventDispatcherBase.java:289)
	at java.base/java.util.concurrent.Executors$RunnableAdapter.call(Executors.java:539)
	at java.base/java.util.concurrent.FutureTask.run(FutureTask.java:264)
	at java.base/java.util.concurrent.ThreadPoolExecutor.runWorker(ThreadPoolExecutor.java:1136)
	at java.base/java.util.concurrent.ThreadPoolExecutor$Worker.run(ThreadPoolExecutor.java:635)
	at java.base/java.lang.Thread.run(Thread.java:857)
[11:57:28.958] [Javacord - Central ExecutorService - 2] [ERROR] Unhandled exception in a listener thread for Storm City!
java.lang.ClassCastException: java.util.concurrent.CompletableFuture incompatible with org.javacord.api.entity.message.Message
	at me.night.hellhard.listener.MessageSentListener.onMessageCreate(MessageSentListener.java:38)
	at org.javacord.core.util.event.EventDispatcher.lambda$dispatchMessageCreateEvent$272(EventDispatcher.java:9168)
	at org.javacord.core.util.event.EventDispatcherBase.lambda$dispatchEvent$12(EventDispatcherBase.java:215)
	at org.javacord.core.util.event.EventDispatcherBase.lambda$checkRunningListenersAndStartIfPossible$20(EventDispatcherBase.java:289)
	at java.base/java.util.concurrent.Executors$RunnableAdapter.call(Executors.java:539)
	at java.base/java.util.concurrent.FutureTask.run(FutureTask.java:264)
	at java.base/java.util.concurrent.ThreadPoolExecutor.runWorker(ThreadPoolExecutor.java:1136)
	at java.base/java.util.concurrent.ThreadPoolExecutor$Worker.run(ThreadPoolExecutor.java:635)
	at java.base/java.lang.Thread.run(Thread.java:857)
[11:57:29.401] [Javacord - Central ExecutorService - 4] [ERROR] Unhandled exception in a listener thread for Storm City!
java.lang.ClassCastException: java.util.concurrent.CompletableFuture incompatible with org.javacord.api.entity.message.Message
	at me.night.hellhard.listener.MessageSentListener.onMessageCreate(MessageSentListener.java:38)
	at org.javacord.core.util.event.EventDispatcher.lambda$dispatchMessageCreateEvent$272(EventDispatcher.java:9168)
	at org.javacord.core.util.event.EventDispatcherBase.lambda$dispatchEvent$12(EventDispatcherBase.java:215)
	at org.javacord.core.util.event.EventDispatcherBase.lambda$checkRunningListenersAndStartIfPossible$20(EventDispatcherBase.java:289)
	at java.base/java.util.concurrent.Executors$RunnableAdapter.call(Executors.java:539)
	at java.base/java.util.concurrent.FutureTask.run(FutureTask.java:264)
	at java.base/java.util.concurrent.ThreadPoolExecutor.runWorker(ThreadPoolExecutor.java:1136)
	at java.base/java.util.concurrent.ThreadPoolExecutor$Worker.run(ThreadPoolExecutor.java:635)
	at java.base/java.lang.Thread.run(Thread.java:857)
[11:57:29.690] [Javacord - Central ExecutorService - 2] [ERROR] Unhandled exception in a listener thread for Storm City!
java.lang.ClassCastException: java.util.concurrent.CompletableFuture incompatible with org.javacord.api.entity.message.Message
	at me.night.hellhard.listener.MessageSentListener.onMessageCreate(MessageSentListener.java:38)
	at org.javacord.core.util.event.EventDispatcher.lambda$dispatchMessageCreateEvent$272(EventDispatcher.java:9168)
	at org.javacord.core.util.event.EventDispatcherBase.lambda$dispatchEvent$12(EventDispatcherBase.java:215)
	at org.javacord.core.util.event.EventDispatcherBase.lambda$checkRunningListenersAndStartIfPossible$20(EventDispatcherBase.java:289)
	at java.base/java.util.concurrent.Executors$RunnableAdapter.call(Executors.java:539)
	at java.base/java.util.concurrent.FutureTask.run(FutureTask.java:264)
	at java.base/java.util.concurrent.ThreadPoolExecutor.runWorker(ThreadPoolExecutor.java:1136)
	at java.base/java.util.concurrent.ThreadPoolExecutor$Worker.run(ThreadPoolExecutor.java:635)
	at java.base/java.lang.Thread.run(Thread.java:857)
[11:57:30.021] [Javacord - Central ExecutorService - 4] [ERROR] Unhandled exception in a listener thread for Storm City!
java.lang.ClassCastException: java.util.concurrent.CompletableFuture incompatible with org.javacord.api.entity.message.Message
	at me.night.hellhard.listener.MessageSentListener.onMessageCreate(MessageSentListener.java:38)
	at org.javacord.core.util.event.EventDispatcher.lambda$dispatchMessageCreateEvent$272(EventDispatcher.java:9168)
	at org.javacord.core.util.event.EventDispatcherBase.lambda$dispatchEvent$12(EventDispatcherBase.java:215)
	at org.javacord.core.util.event.EventDispatcherBase.lambda$checkRunningListenersAndStartIfPossible$20(EventDispatcherBase.java:289)
	at java.base/java.util.concurrent.Executors$RunnableAdapter.call(Executors.java:539)
	at java.base/java.util.concurrent.FutureTask.run(FutureTask.java:264)
	at java.base/java.util.concurrent.ThreadPoolExecutor.runWorker(ThreadPoolExecutor.java:1136)
	at java.base/java.util.concurrent.ThreadPoolExecutor$Worker.run(ThreadPoolExecutor.java:635)
	at java.base/java.lang.Thread.run(Thread.java:857)
[11:57:30.520] [Javacord - Central ExecutorService - 2] [ERROR] Unhandled exception in a listener thread for Storm City!
java.lang.ClassCastException: java.util.concurrent.CompletableFuture incompatible with org.javacord.api.entity.message.Message
	at me.night.hellhard.listener.MessageSentListener.onMessageCreate(MessageSentListener.java:38)
	at org.javacord.core.util.event.EventDispatcher.lambda$dispatchMessageCreateEvent$272(EventDispatcher.java:9168)
	at org.javacord.core.util.event.EventDispatcherBase.lambda$dispatchEvent$12(EventDispatcherBase.java:215)
	at org.javacord.core.util.event.EventDispatcherBase.lambda$checkRunningListenersAndStartIfPossible$20(EventDispatcherBase.java:289)
	at java.base/java.util.concurrent.Executors$RunnableAdapter.call(Executors.java:539)
	at java.base/java.util.concurrent.FutureTask.run(FutureTask.java:264)
	at java.base/java.util.concurrent.ThreadPoolExecutor.runWorker(ThreadPoolExecutor.java:1136)
	at java.base/java.util.concurrent.ThreadPoolExecutor$Worker.run(ThreadPoolExecutor.java:635)
	at java.base/java.lang.Thread.run(Thread.java:857)
[11:57:30.823] [Javacord - Central ExecutorService - 4] [ERROR] Unhandled exception in a listener thread for Storm City!
java.lang.ClassCastException: java.util.concurrent.CompletableFuture incompatible with org.javacord.api.entity.message.Message
	at me.night.hellhard.listener.MessageSentListener.onMessageCreate(MessageSentListener.java:38)
	at org.javacord.core.util.event.EventDispatcher.lambda$dispatchMessageCreateEvent$272(EventDispatcher.java:9168)
	at org.javacord.core.util.event.EventDispatcherBase.lambda$dispatchEvent$12(EventDispatcherBase.java:215)
	at org.javacord.core.util.event.EventDispatcherBase.lambda$checkRunningListenersAndStartIfPossible$20(EventDispatcherBase.java:289)
	at java.base/java.util.concurrent.Executors$RunnableAdapter.call(Executors.java:539)
	at java.base/java.util.concurrent.FutureTask.run(FutureTask.java:264)
	at java.base/java.util.concurrent.ThreadPoolExecutor.runWorker(ThreadPoolExecutor.java:1136)
	at java.base/java.util.concurrent.ThreadPoolExecutor$Worker.run(ThreadPoolExecutor.java:635)
	at java.base/java.lang.Thread.run(Thread.java:857)
[11:57:31.850] [Javacord - Central ExecutorService - 2] [ERROR] Unhandled exception in a listener thread for Storm City!
java.lang.ClassCastException: java.util.concurrent.CompletableFuture incompatible with org.javacord.api.entity.message.Message
	at me.night.hellhard.listener.MessageSentListener.onMessageCreate(MessageSentListener.java:38)
	at org.javacord.core.util.event.EventDispatcher.lambda$dispatchMessageCreateEvent$272(EventDispatcher.java:9168)
	at org.javacord.core.util.event.EventDispatcherBase.lambda$dispatchEvent$12(EventDispatcherBase.java:215)
	at org.javacord.core.util.event.EventDispatcherBase.lambda$checkRunningListenersAndStartIfPossible$20(EventDispatcherBase.java:289)
	at java.base/java.util.concurrent.Executors$RunnableAdapter.call(Executors.java:539)
	at java.base/java.util.concurrent.FutureTask.run(FutureTask.java:264)
	at java.base/java.util.concurrent.ThreadPoolExecutor.runWorker(ThreadPoolExecutor.java:1136)
	at java.base/java.util.concurrent.ThreadPoolExecutor$Worker.run(ThreadPoolExecutor.java:635)
	at java.base/java.lang.Thread.run(Thread.java:857)
[11:57:37.498] [Javacord - Central ExecutorService - 2] [ERROR] Unhandled exception in a listener thread for Storm City!
java.lang.ClassCastException: java.util.concurrent.CompletableFuture incompatible with org.javacord.api.entity.message.Message
	at me.night.hellhard.listener.MessageSentListener.onMessageCreate(MessageSentListener.java:38)
	at org.javacord.core.util.event.EventDispatcher.lambda$dispatchMessageCreateEvent$272(EventDispatcher.java:9168)
	at org.javacord.core.util.event.EventDispatcherBase.lambda$dispatchEvent$12(EventDispatcherBase.java:215)
	at org.javacord.core.util.event.EventDispatcherBase.lambda$checkRunningListenersAndStartIfPossible$20(EventDispatcherBase.java:289)
	at java.base/java.util.concurrent.Executors$RunnableAdapter.call(Executors.java:539)
	at java.base/java.util.concurrent.FutureTask.run(FutureTask.java:264)
	at java.base/java.util.concurrent.ThreadPoolExecutor.runWorker(ThreadPoolExecutor.java:1136)
	at java.base/java.util.concurrent.ThreadPoolExecutor$Worker.run(ThreadPoolExecutor.java:635)
	at java.base/java.lang.Thread.run(Thread.java:857)
[11:57:37.992] [Javacord - Central ExecutorService - 4] [ERROR] Unhandled exception in a listener thread for Storm City!
java.lang.ClassCastException: java.util.concurrent.CompletableFuture incompatible with org.javacord.api.entity.message.Message
	at me.night.hellhard.listener.MessageSentListener.onMessageCreate(MessageSentListener.java:38)
	at org.javacord.core.util.event.EventDispatcher.lambda$dispatchMessageCreateEvent$272(EventDispatcher.java:9168)
	at org.javacord.core.util.event.EventDispatcherBase.lambda$dispatchEvent$12(EventDispatcherBase.java:215)
	at org.javacord.core.util.event.EventDispatcherBase.lambda$checkRunningListenersAndStartIfPossible$20(EventDispatcherBase.java:289)
	at java.base/java.util.concurrent.Executors$RunnableAdapter.call(Executors.java:539)
	at java.base/java.util.concurrent.FutureTask.run(FutureTask.java:264)
	at java.base/java.util.concurrent.ThreadPoolExecutor.runWorker(ThreadPoolExecutor.java:1136)
	at java.base/java.util.concurrent.ThreadPoolExecutor$Worker.run(ThreadPoolExecutor.java:635)
	at java.base/java.lang.Thread.run(Thread.java:857)
[11:57:38.313] [Javacord - Central ExecutorService - 2] [ERROR] Unhandled exception in a listener thread for Storm City!
java.lang.ClassCastException: java.util.concurrent.CompletableFuture incompatible with org.javacord.api.entity.message.Message
	at me.night.hellhard.listener.MessageSentListener.onMessageCreate(MessageSentListener.java:38)
	at org.javacord.core.util.event.EventDispatcher.lambda$dispatchMessageCreateEvent$272(EventDispatcher.java:9168)
	at org.javacord.core.util.event.EventDispatcherBase.lambda$dispatchEvent$12(EventDispatcherBase.java:215)
	at org.javacord.core.util.event.EventDispatcherBase.lambda$checkRunningListenersAndStartIfPossible$20(EventDispatcherBase.java:289)
	at java.base/java.util.concurrent.Executors$RunnableAdapter.call(Executors.java:539)
	at java.base/java.util.concurrent.FutureTask.run(FutureTask.java:264)
	at java.base/java.util.concurrent.ThreadPoolExecutor.runWorker(ThreadPoolExecutor.java:1136)
	at java.base/java.util.concurrent.ThreadPoolExecutor$Worker.run(ThreadPoolExecutor.java:635)
	at java.base/java.lang.Thread.run(Thread.java:857)
[11:57:38.636] [Javacord - Central ExecutorService - 4] [ERROR] Unhandled exception in a listener thread for Storm City!
java.lang.ClassCastException: java.util.concurrent.CompletableFuture incompatible with org.javacord.api.entity.message.Message
	at me.night.hellhard.listener.MessageSentListener.onMessageCreate(MessageSentListener.java:38)
	at org.javacord.core.util.event.EventDispatcher.lambda$dispatchMessageCreateEvent$272(EventDispatcher.java:9168)
	at org.javacord.core.util.event.EventDispatcherBase.lambda$dispatchEvent$12(EventDispatcherBase.java:215)
	at org.javacord.core.util.event.EventDispatcherBase.lambda$checkRunningListenersAndStartIfPossible$20(EventDispatcherBase.java:289)
	at java.base/java.util.concurrent.Executors$RunnableAdapter.call(Executors.java:539)
	at java.base/java.util.concurrent.FutureTask.run(FutureTask.java:264)
	at java.base/java.util.concurrent.ThreadPoolExecutor.runWorker(ThreadPoolExecutor.java:1136)
	at java.base/java.util.concurrent.ThreadPoolExecutor$Worker.run(ThreadPoolExecutor.java:635)
	at java.base/java.lang.Thread.run(Thread.java:857)
[11:57:39.146] [Javacord - Central ExecutorService - 2] [ERROR] Unhandled exception in a listener thread for Storm City!
java.lang.ClassCastException: java.util.concurrent.CompletableFuture incompatible with org.javacord.api.entity.message.Message
	at me.night.hellhard.listener.MessageSentListener.onMessageCreate(MessageSentListener.java:38)
	at org.javacord.core.util.event.EventDispatcher.lambda$dispatchMessageCreateEvent$272(EventDispatcher.java:9168)
	at org.javacord.core.util.event.EventDispatcherBase.lambda$dispatchEvent$12(EventDispatcherBase.java:215)
	at org.javacord.core.util.event.EventDispatcherBase.lambda$checkRunningListenersAndStartIfPossible$20(EventDispatcherBase.java:289)
	at java.base/java.util.concurrent.Executors$RunnableAdapter.call(Executors.java:539)
	at java.base/java.util.concurrent.FutureTask.run(FutureTask.java:264)
	at java.base/java.util.concurrent.ThreadPoolExecutor.runWorker(ThreadPoolExecutor.java:1136)
	at java.base/java.util.concurrent.ThreadPoolExecutor$Worker.run(ThreadPoolExecutor.java:635)
	at java.base/java.lang.Thread.run(Thread.java:857)
[11:57:39.546] [Javacord - Central ExecutorService - 1] [ERROR] Unhandled exception in a listener thread for Storm City!
java.lang.ClassCastException: java.util.concurrent.CompletableFuture incompatible with org.javacord.api.entity.message.Message
	at me.night.hellhard.listener.MessageSentListener.onMessageCreate(MessageSentListener.java:38)
	at org.javacord.core.util.event.EventDispatcher.lambda$dispatchMessageCreateEvent$272(EventDispatcher.java:9168)
	at org.javacord.core.util.event.EventDispatcherBase.lambda$dispatchEvent$12(EventDispatcherBase.java:215)
	at org.javacord.core.util.event.EventDispatcherBase.lambda$checkRunningListenersAndStartIfPossible$20(EventDispatcherBase.java:289)
	at java.base/java.util.concurrent.Executors$RunnableAdapter.call(Executors.java:539)
	at java.base/java.util.concurrent.FutureTask.run(FutureTask.java:264)
	at java.base/java.util.concurrent.ThreadPoolExecutor.runWorker(ThreadPoolExecutor.java:1136)
	at java.base/java.util.concurrent.ThreadPoolExecutor$Worker.run(ThreadPoolExecutor.java:635)
	at java.base/java.lang.Thread.run(Thread.java:857)
[11:57:44.508] [Javacord - Central ExecutorService - 1] [ERROR] Unhandled exception in a listener thread for Storm City!
java.lang.ClassCastException: java.util.concurrent.CompletableFuture incompatible with org.javacord.api.entity.message.Message
	at me.night.hellhard.listener.MessageSentListener.onMessageCreate(MessageSentListener.java:38)
	at org.javacord.core.util.event.EventDispatcher.lambda$dispatchMessageCreateEvent$272(EventDispatcher.java:9168)
	at org.javacord.core.util.event.EventDispatcherBase.lambda$dispatchEvent$12(EventDispatcherBase.java:215)
	at org.javacord.core.util.event.EventDispatcherBase.lambda$checkRunningListenersAndStartIfPossible$20(EventDispatcherBase.java:289)
	at java.base/java.util.concurrent.Executors$RunnableAdapter.call(Executors.java:539)
	at java.base/java.util.concurrent.FutureTask.run(FutureTask.java:264)
	at java.base/java.util.concurrent.ThreadPoolExecutor.runWorker(ThreadPoolExecutor.java:1136)
	at java.base/java.util.concurrent.ThreadPoolExecutor$Worker.run(ThreadPoolExecutor.java:635)
	at java.base/java.lang.Thread.run(Thread.java:857)
[12:52:46.684] [main] [INFO] Active version: v1.0 - Author: Nightusio
[12:52:46.686] [main] [INFO] Loading StormCity resources...
[12:52:46.838] [main] [INFO] Added configuration component: TokenConfig { path = 'token.yml', subconfigs = '' } [128 ms]
[12:52:50.263] [main] [INFO] Logged in as StormCity (1155940171020247121)
[12:52:50.348] [main] [INFO] Added configuration component: MessageConfig { path = 'messages.yml', subconfigs = '' } [70 ms]
[12:52:50.361] [main] [INFO] Added configuration component: BotConfig { path = 'config.yml', subconfigs = 'storageConfig' } [10 ms]
[12:52:50.361] [main] [INFO] Added injectable object: StorageConfig
[12:52:50.418] [main] [INFO] Added persistence component: DocumentPersistence { prefix = 'stormcity', type = 'FLAT' } [49 ms]
[12:52:50.427] [main] [INFO] Added repository component: MemberRepository [8 ms]
[12:52:50.436] [main] [INFO] Added listener (event) component: ExampleListener { type = 'MessageCreateListener' } [7 ms]
[12:52:50.440] [main] [INFO] Added command component: ExampleCommand { name = 'ping' } [3 ms]
[12:52:50.443] [main] [INFO] Added command component: ReloadCommand { name = 'reload' } [2 ms]
[12:52:50.447] [main] [INFO] Added command component: EmbedCommand { name = 'embed' } [3 ms]
[12:52:50.449] [main] [INFO] Added command component: VerifyCommand { name = 'verify' } [0 ms]
[12:52:50.451] [main] [INFO] Added listener (event) component: ButtonListener { type = 'ButtonClickListener' } [1 ms]
[12:52:50.452] [main] [INFO] Added listener (event) component: MessageSentListener { type = 'MessageCreateListener' } [0 ms]
[12:52:50.978] [main] [INFO] Loading complete! Done in 4s 716ms...
[12:52:54.698] [Javacord - Central ExecutorService - 3] [ERROR] Unhandled exception in a listener thread for Storm City!
java.lang.ClassCastException: java.util.concurrent.CompletableFuture incompatible with org.javacord.api.entity.message.Message
	at me.night.hellhard.listener.MessageSentListener.onMessageCreate(MessageSentListener.java:38)
	at org.javacord.core.util.event.EventDispatcher.lambda$dispatchMessageCreateEvent$272(EventDispatcher.java:9168)
	at org.javacord.core.util.event.EventDispatcherBase.lambda$dispatchEvent$12(EventDispatcherBase.java:215)
	at org.javacord.core.util.event.EventDispatcherBase.lambda$checkRunningListenersAndStartIfPossible$20(EventDispatcherBase.java:289)
	at java.base/java.util.concurrent.Executors$RunnableAdapter.call(Executors.java:539)
	at java.base/java.util.concurrent.FutureTask.run(FutureTask.java:264)
	at java.base/java.util.concurrent.ThreadPoolExecutor.runWorker(ThreadPoolExecutor.java:1136)
	at java.base/java.util.concurrent.ThreadPoolExecutor$Worker.run(ThreadPoolExecutor.java:635)
	at java.base/java.lang.Thread.run(Thread.java:857)
[12:52:54.702] [Javacord - Central ExecutorService - 3] [ERROR] Unhandled exception in a listener thread for Storm City!
java.util.NoSuchElementException: No value present
	at java.base/java.util.Optional.get(Optional.java:143)
	at me.night.hellhard.listener.MessageSentListener.onMessageCreate(MessageSentListener.java:39)
	at org.javacord.core.util.event.EventDispatcher.lambda$dispatchMessageCreateEvent$272(EventDispatcher.java:9168)
	at org.javacord.core.util.event.EventDispatcherBase.lambda$dispatchEvent$12(EventDispatcherBase.java:215)
	at org.javacord.core.util.event.EventDispatcherBase.lambda$checkRunningListenersAndStartIfPossible$20(EventDispatcherBase.java:289)
	at java.base/java.util.concurrent.Executors$RunnableAdapter.call(Executors.java:539)
	at java.base/java.util.concurrent.FutureTask.run(FutureTask.java:264)
	at java.base/java.util.concurrent.ThreadPoolExecutor.runWorker(ThreadPoolExecutor.java:1136)
	at java.base/java.util.concurrent.ThreadPoolExecutor$Worker.run(ThreadPoolExecutor.java:635)
	at java.base/java.lang.Thread.run(Thread.java:857)
[12:52:54.942] [Javacord - Central ExecutorService - 4] [ERROR] Unhandled exception in a listener thread for Storm City!
java.lang.ClassCastException: java.util.concurrent.CompletableFuture incompatible with org.javacord.api.entity.message.Message
	at me.night.hellhard.listener.MessageSentListener.onMessageCreate(MessageSentListener.java:38)
	at org.javacord.core.util.event.EventDispatcher.lambda$dispatchMessageCreateEvent$272(EventDispatcher.java:9168)
	at org.javacord.core.util.event.EventDispatcherBase.lambda$dispatchEvent$12(EventDispatcherBase.java:215)
	at org.javacord.core.util.event.EventDispatcherBase.lambda$checkRunningListenersAndStartIfPossible$20(EventDispatcherBase.java:289)
	at java.base/java.util.concurrent.Executors$RunnableAdapter.call(Executors.java:539)
	at java.base/java.util.concurrent.FutureTask.run(FutureTask.java:264)
	at java.base/java.util.concurrent.ThreadPoolExecutor.runWorker(ThreadPoolExecutor.java:1136)
	at java.base/java.util.concurrent.ThreadPoolExecutor$Worker.run(ThreadPoolExecutor.java:635)
	at java.base/java.lang.Thread.run(Thread.java:857)
[12:52:55.340] [Javacord - Central ExecutorService - 3] [ERROR] Unhandled exception in a listener thread for Storm City!
java.lang.ClassCastException: java.util.concurrent.CompletableFuture incompatible with org.javacord.api.entity.message.Message
	at me.night.hellhard.listener.MessageSentListener.onMessageCreate(MessageSentListener.java:38)
	at org.javacord.core.util.event.EventDispatcher.lambda$dispatchMessageCreateEvent$272(EventDispatcher.java:9168)
	at org.javacord.core.util.event.EventDispatcherBase.lambda$dispatchEvent$12(EventDispatcherBase.java:215)
	at org.javacord.core.util.event.EventDispatcherBase.lambda$checkRunningListenersAndStartIfPossible$20(EventDispatcherBase.java:289)
	at java.base/java.util.concurrent.Executors$RunnableAdapter.call(Executors.java:539)
	at java.base/java.util.concurrent.FutureTask.run(FutureTask.java:264)
	at java.base/java.util.concurrent.ThreadPoolExecutor.runWorker(ThreadPoolExecutor.java:1136)
	at java.base/java.util.concurrent.ThreadPoolExecutor$Worker.run(ThreadPoolExecutor.java:635)
	at java.base/java.lang.Thread.run(Thread.java:857)
[12:52:55.763] [Javacord - Central ExecutorService - 4] [ERROR] Unhandled exception in a listener thread for Storm City!
java.lang.ClassCastException: java.util.concurrent.CompletableFuture incompatible with org.javacord.api.entity.message.Message
	at me.night.hellhard.listener.MessageSentListener.onMessageCreate(MessageSentListener.java:38)
	at org.javacord.core.util.event.EventDispatcher.lambda$dispatchMessageCreateEvent$272(EventDispatcher.java:9168)
	at org.javacord.core.util.event.EventDispatcherBase.lambda$dispatchEvent$12(EventDispatcherBase.java:215)
	at org.javacord.core.util.event.EventDispatcherBase.lambda$checkRunningListenersAndStartIfPossible$20(EventDispatcherBase.java:289)
	at java.base/java.util.concurrent.Executors$RunnableAdapter.call(Executors.java:539)
	at java.base/java.util.concurrent.FutureTask.run(FutureTask.java:264)
	at java.base/java.util.concurrent.ThreadPoolExecutor.runWorker(ThreadPoolExecutor.java:1136)
	at java.base/java.util.concurrent.ThreadPoolExecutor$Worker.run(ThreadPoolExecutor.java:635)
	at java.base/java.lang.Thread.run(Thread.java:857)
[12:52:56.160] [Javacord - Central ExecutorService - 3] [ERROR] Unhandled exception in a listener thread for Storm City!
java.lang.ClassCastException: java.util.concurrent.CompletableFuture incompatible with org.javacord.api.entity.message.Message
	at me.night.hellhard.listener.MessageSentListener.onMessageCreate(MessageSentListener.java:38)
	at org.javacord.core.util.event.EventDispatcher.lambda$dispatchMessageCreateEvent$272(EventDispatcher.java:9168)
	at org.javacord.core.util.event.EventDispatcherBase.lambda$dispatchEvent$12(EventDispatcherBase.java:215)
	at org.javacord.core.util.event.EventDispatcherBase.lambda$checkRunningListenersAndStartIfPossible$20(EventDispatcherBase.java:289)
	at java.base/java.util.concurrent.Executors$RunnableAdapter.call(Executors.java:539)
	at java.base/java.util.concurrent.FutureTask.run(FutureTask.java:264)
	at java.base/java.util.concurrent.ThreadPoolExecutor.runWorker(ThreadPoolExecutor.java:1136)
	at java.base/java.util.concurrent.ThreadPoolExecutor$Worker.run(ThreadPoolExecutor.java:635)
	at java.base/java.lang.Thread.run(Thread.java:857)
[12:52:56.603] [Javacord - Central ExecutorService - 4] [ERROR] Unhandled exception in a listener thread for Storm City!
java.lang.ClassCastException: java.util.concurrent.CompletableFuture incompatible with org.javacord.api.entity.message.Message
	at me.night.hellhard.listener.MessageSentListener.onMessageCreate(MessageSentListener.java:38)
	at org.javacord.core.util.event.EventDispatcher.lambda$dispatchMessageCreateEvent$272(EventDispatcher.java:9168)
	at org.javacord.core.util.event.EventDispatcherBase.lambda$dispatchEvent$12(EventDispatcherBase.java:215)
	at org.javacord.core.util.event.EventDispatcherBase.lambda$checkRunningListenersAndStartIfPossible$20(EventDispatcherBase.java:289)
	at java.base/java.util.concurrent.Executors$RunnableAdapter.call(Executors.java:539)
	at java.base/java.util.concurrent.FutureTask.run(FutureTask.java:264)
	at java.base/java.util.concurrent.ThreadPoolExecutor.runWorker(ThreadPoolExecutor.java:1136)
	at java.base/java.util.concurrent.ThreadPoolExecutor$Worker.run(ThreadPoolExecutor.java:635)
	at java.base/java.lang.Thread.run(Thread.java:857)
[12:52:56.985] [Javacord - Central ExecutorService - 3] [ERROR] Unhandled exception in a listener thread for Storm City!
java.lang.ClassCastException: java.util.concurrent.CompletableFuture incompatible with org.javacord.api.entity.message.Message
	at me.night.hellhard.listener.MessageSentListener.onMessageCreate(MessageSentListener.java:38)
	at org.javacord.core.util.event.EventDispatcher.lambda$dispatchMessageCreateEvent$272(EventDispatcher.java:9168)
	at org.javacord.core.util.event.EventDispatcherBase.lambda$dispatchEvent$12(EventDispatcherBase.java:215)
	at org.javacord.core.util.event.EventDispatcherBase.lambda$checkRunningListenersAndStartIfPossible$20(EventDispatcherBase.java:289)
	at java.base/java.util.concurrent.Executors$RunnableAdapter.call(Executors.java:539)
	at java.base/java.util.concurrent.FutureTask.run(FutureTask.java:264)
	at java.base/java.util.concurrent.ThreadPoolExecutor.runWorker(ThreadPoolExecutor.java:1136)
	at java.base/java.util.concurrent.ThreadPoolExecutor$Worker.run(ThreadPoolExecutor.java:635)
	at java.base/java.lang.Thread.run(Thread.java:857)
[12:52:58.012] [Javacord - Central ExecutorService - 4] [ERROR] Unhandled exception in a listener thread for Storm City!
java.lang.ClassCastException: java.util.concurrent.CompletableFuture incompatible with org.javacord.api.entity.message.Message
	at me.night.hellhard.listener.MessageSentListener.onMessageCreate(MessageSentListener.java:38)
	at org.javacord.core.util.event.EventDispatcher.lambda$dispatchMessageCreateEvent$272(EventDispatcher.java:9168)
	at org.javacord.core.util.event.EventDispatcherBase.lambda$dispatchEvent$12(EventDispatcherBase.java:215)
	at org.javacord.core.util.event.EventDispatcherBase.lambda$checkRunningListenersAndStartIfPossible$20(EventDispatcherBase.java:289)
	at java.base/java.util.concurrent.Executors$RunnableAdapter.call(Executors.java:539)
	at java.base/java.util.concurrent.FutureTask.run(FutureTask.java:264)
	at java.base/java.util.concurrent.ThreadPoolExecutor.runWorker(ThreadPoolExecutor.java:1136)
	at java.base/java.util.concurrent.ThreadPoolExecutor$Worker.run(ThreadPoolExecutor.java:635)
	at java.base/java.lang.Thread.run(Thread.java:857)
[12:53:03.635] [Javacord - Central ExecutorService - 3] [ERROR] Unhandled exception in a listener thread for Storm City!
java.lang.ClassCastException: java.util.concurrent.CompletableFuture incompatible with org.javacord.api.entity.message.Message
	at me.night.hellhard.listener.MessageSentListener.onMessageCreate(MessageSentListener.java:38)
	at org.javacord.core.util.event.EventDispatcher.lambda$dispatchMessageCreateEvent$272(EventDispatcher.java:9168)
	at org.javacord.core.util.event.EventDispatcherBase.lambda$dispatchEvent$12(EventDispatcherBase.java:215)
	at org.javacord.core.util.event.EventDispatcherBase.lambda$checkRunningListenersAndStartIfPossible$20(EventDispatcherBase.java:289)
	at java.base/java.util.concurrent.Executors$RunnableAdapter.call(Executors.java:539)
	at java.base/java.util.concurrent.FutureTask.run(FutureTask.java:264)
	at java.base/java.util.concurrent.ThreadPoolExecutor.runWorker(ThreadPoolExecutor.java:1136)
	at java.base/java.util.concurrent.ThreadPoolExecutor$Worker.run(ThreadPoolExecutor.java:635)
	at java.base/java.lang.Thread.run(Thread.java:857)
[12:53:03.892] [Javacord - Central ExecutorService - 4] [ERROR] Unhandled exception in a listener thread for Storm City!
java.lang.ClassCastException: java.util.concurrent.CompletableFuture incompatible with org.javacord.api.entity.message.Message
	at me.night.hellhard.listener.MessageSentListener.onMessageCreate(MessageSentListener.java:38)
	at org.javacord.core.util.event.EventDispatcher.lambda$dispatchMessageCreateEvent$272(EventDispatcher.java:9168)
	at org.javacord.core.util.event.EventDispatcherBase.lambda$dispatchEvent$12(EventDispatcherBase.java:215)
	at org.javacord.core.util.event.EventDispatcherBase.lambda$checkRunningListenersAndStartIfPossible$20(EventDispatcherBase.java:289)
	at java.base/java.util.concurrent.Executors$RunnableAdapter.call(Executors.java:539)
	at java.base/java.util.concurrent.FutureTask.run(FutureTask.java:264)
	at java.base/java.util.concurrent.ThreadPoolExecutor.runWorker(ThreadPoolExecutor.java:1136)
	at java.base/java.util.concurrent.ThreadPoolExecutor$Worker.run(ThreadPoolExecutor.java:635)
	at java.base/java.lang.Thread.run(Thread.java:857)
[12:55:24.239] [main] [INFO] Active version: v1.0 - Author: Nightusio
[12:55:24.241] [main] [INFO] Loading StormCity resources...
[12:55:24.387] [main] [INFO] Added configuration component: TokenConfig { path = 'token.yml', subconfigs = '' } [121 ms]
[12:55:27.525] [main] [INFO] Logged in as StormCity (1155940171020247121)
[12:55:27.623] [main] [INFO] Added configuration component: MessageConfig { path = 'messages.yml', subconfigs = '' } [85 ms]
[12:55:27.634] [main] [INFO] Added configuration component: BotConfig { path = 'config.yml', subconfigs = 'storageConfig' } [9 ms]
[12:55:27.635] [main] [INFO] Added injectable object: StorageConfig
[12:55:27.711] [main] [INFO] Added persistence component: DocumentPersistence { prefix = 'stormcity', type = 'FLAT' } [58 ms]
[12:55:27.720] [main] [INFO] Added repository component: MemberRepository [8 ms]
[12:55:27.728] [main] [INFO] Added listener (event) component: ExampleListener { type = 'MessageCreateListener' } [7 ms]
[12:55:27.736] [main] [INFO] Added command component: ExampleCommand { name = 'ping' } [6 ms]
[12:55:27.738] [main] [INFO] Added command component: ReloadCommand { name = 'reload' } [2 ms]
[12:55:27.742] [main] [INFO] Added command component: EmbedCommand { name = 'embed' } [3 ms]
[12:55:27.743] [main] [INFO] Added command component: VerifyCommand { name = 'verify' } [0 ms]
[12:55:27.745] [main] [INFO] Added listener (event) component: ButtonListener { type = 'ButtonClickListener' } [1 ms]
[12:55:27.746] [main] [INFO] Added listener (event) component: MessageSentListener { type = 'MessageCreateListener' } [0 ms]
[12:55:28.164] [main] [INFO] Loading complete! Done in 4s 337ms...
[12:55:29.679] [Javacord - Central ExecutorService - 2] [ERROR] Unhandled exception in a listener thread for Storm City!
java.lang.ClassCastException: java.util.concurrent.CompletableFuture incompatible with org.javacord.api.entity.message.Message
	at me.night.hellhard.listener.MessageSentListener.onMessageCreate(MessageSentListener.java:41)
	at org.javacord.core.util.event.EventDispatcher.lambda$dispatchMessageCreateEvent$272(EventDispatcher.java:9168)
	at org.javacord.core.util.event.EventDispatcherBase.lambda$dispatchEvent$12(EventDispatcherBase.java:215)
	at org.javacord.core.util.event.EventDispatcherBase.lambda$checkRunningListenersAndStartIfPossible$20(EventDispatcherBase.java:289)
	at java.base/java.util.concurrent.Executors$RunnableAdapter.call(Executors.java:539)
	at java.base/java.util.concurrent.FutureTask.run(FutureTask.java:264)
	at java.base/java.util.concurrent.ThreadPoolExecutor.runWorker(ThreadPoolExecutor.java:1136)
	at java.base/java.util.concurrent.ThreadPoolExecutor$Worker.run(ThreadPoolExecutor.java:635)
	at java.base/java.lang.Thread.run(Thread.java:857)
[12:55:51.134] [main] [INFO] Active version: v1.0 - Author: Nightusio
[12:55:51.137] [main] [INFO] Loading StormCity resources...
[12:55:51.296] [main] [INFO] Added configuration component: TokenConfig { path = 'token.yml', subconfigs = '' } [138 ms]
[12:55:54.479] [main] [INFO] Logged in as StormCity (1155940171020247121)
[12:55:54.636] [main] [INFO] Added configuration component: MessageConfig { path = 'messages.yml', subconfigs = '' } [122 ms]
[12:55:54.660] [main] [INFO] Added configuration component: BotConfig { path = 'config.yml', subconfigs = 'storageConfig' } [17 ms]
[12:55:54.660] [main] [INFO] Added injectable object: StorageConfig
[12:55:54.708] [main] [INFO] Added persistence component: DocumentPersistence { prefix = 'stormcity', type = 'FLAT' } [39 ms]
[12:55:54.720] [main] [INFO] Added repository component: MemberRepository [11 ms]
[12:55:54.729] [main] [INFO] Added listener (event) component: ExampleListener { type = 'MessageCreateListener' } [7 ms]
[12:55:54.734] [main] [INFO] Added command component: ExampleCommand { name = 'ping' } [3 ms]
[12:55:54.737] [main] [INFO] Added command component: ReloadCommand { name = 'reload' } [2 ms]
[12:55:54.740] [main] [INFO] Added command component: EmbedCommand { name = 'embed' } [3 ms]
[12:55:54.742] [main] [INFO] Added command component: VerifyCommand { name = 'verify' } [0 ms]
[12:55:54.743] [main] [INFO] Added listener (event) component: ButtonListener { type = 'ButtonClickListener' } [0 ms]
[12:55:54.745] [main] [INFO] Added listener (event) component: MessageSentListener { type = 'MessageCreateListener' } [0 ms]
[12:55:55.295] [main] [INFO] Loading complete! Done in 4s 553ms...
[12:56:01.202] [Javacord - Central ExecutorService - 2] [ERROR] Unhandled exception in a listener thread for Storm City!
java.lang.ClassCastException: java.util.concurrent.CompletableFuture incompatible with org.javacord.api.entity.message.Message
	at me.night.hellhard.listener.MessageSentListener.onMessageCreate(MessageSentListener.java:41)
	at org.javacord.core.util.event.EventDispatcher.lambda$dispatchMessageCreateEvent$272(EventDispatcher.java:9168)
	at org.javacord.core.util.event.EventDispatcherBase.lambda$dispatchEvent$12(EventDispatcherBase.java:215)
	at org.javacord.core.util.event.EventDispatcherBase.lambda$checkRunningListenersAndStartIfPossible$20(EventDispatcherBase.java:289)
	at java.base/java.util.concurrent.Executors$RunnableAdapter.call(Executors.java:539)
	at java.base/java.util.concurrent.FutureTask.run(FutureTask.java:264)
	at java.base/java.util.concurrent.ThreadPoolExecutor.runWorker(ThreadPoolExecutor.java:1136)
	at java.base/java.util.concurrent.ThreadPoolExecutor$Worker.run(ThreadPoolExecutor.java:635)
	at java.base/java.lang.Thread.run(Thread.java:857)
[12:56:06.333] [Javacord - Central ExecutorService - 3] [ERROR] Unhandled exception in a listener thread for Storm City!
java.lang.ClassCastException: java.util.concurrent.CompletableFuture incompatible with org.javacord.api.entity.message.Message
	at me.night.hellhard.listener.MessageSentListener.onMessageCreate(MessageSentListener.java:41)
	at org.javacord.core.util.event.EventDispatcher.lambda$dispatchMessageCreateEvent$272(EventDispatcher.java:9168)
	at org.javacord.core.util.event.EventDispatcherBase.lambda$dispatchEvent$12(EventDispatcherBase.java:215)
	at org.javacord.core.util.event.EventDispatcherBase.lambda$checkRunningListenersAndStartIfPossible$20(EventDispatcherBase.java:289)
	at java.base/java.util.concurrent.Executors$RunnableAdapter.call(Executors.java:539)
	at java.base/java.util.concurrent.FutureTask.run(FutureTask.java:264)
	at java.base/java.util.concurrent.ThreadPoolExecutor.runWorker(ThreadPoolExecutor.java:1136)
	at java.base/java.util.concurrent.ThreadPoolExecutor$Worker.run(ThreadPoolExecutor.java:635)
	at java.base/java.lang.Thread.run(Thread.java:857)
[13:02:07.255] [main] [INFO] Active version: v1.0 - Author: Nightusio
[13:02:07.257] [main] [INFO] Loading StormCity resources...
[13:02:07.338] [main] [INFO] Added configuration component: TokenConfig { path = 'token.yml', subconfigs = '' } [70 ms]
[13:02:09.758] [main] [INFO] Logged in as StormCity (1155940171020247121)
[13:02:09.785] [main] [INFO] Added configuration component: MessageConfig { path = 'messages.yml', subconfigs = '' } [24 ms]
[13:02:09.807] [main] [INFO] Added configuration component: BotConfig { path = 'config.yml', subconfigs = 'storageConfig' } [16 ms]
[13:02:09.807] [main] [INFO] Added injectable object: StorageConfig
[13:02:09.839] [main] [INFO] Added persistence component: DocumentPersistence { prefix = 'stormcity', type = 'FLAT' } [26 ms]
[13:02:09.847] [main] [INFO] Added repository component: MemberRepository [8 ms]
[13:02:09.856] [main] [INFO] Added listener (event) component: ExampleListener { type = 'MessageCreateListener' } [7 ms]
[13:02:09.859] [main] [INFO] Added command component: ExampleCommand { name = 'ping' } [2 ms]
[13:02:09.865] [main] [INFO] Added command component: ReloadCommand { name = 'reload' } [2 ms]
[13:02:09.868] [main] [INFO] Added command component: EmbedCommand { name = 'embed' } [2 ms]
[13:02:09.870] [main] [INFO] Added command component: VerifyCommand { name = 'verify' } [1 ms]
[13:02:09.872] [main] [INFO] Added listener (event) component: ButtonListener { type = 'ButtonClickListener' } [0 ms]
[13:02:09.873] [main] [INFO] Added listener (event) component: MessageSentListener { type = 'MessageCreateListener' } [1 ms]
[13:02:10.243] [main] [INFO] Loading complete! Done in 3s 191ms...
[13:02:14.414] [Javacord - Central ExecutorService - 2] [ERROR] Unhandled exception in a listener thread for Storm City!
java.lang.ClassCastException: java.util.concurrent.CompletableFuture incompatible with org.javacord.api.entity.message.Message
	at me.night.hellhard.listener.MessageSentListener.onMessageCreate(MessageSentListener.java:47)
	at org.javacord.core.util.event.EventDispatcher.lambda$dispatchMessageCreateEvent$272(EventDispatcher.java:9168)
	at org.javacord.core.util.event.EventDispatcherBase.lambda$dispatchEvent$12(EventDispatcherBase.java:215)
	at org.javacord.core.util.event.EventDispatcherBase.lambda$checkRunningListenersAndStartIfPossible$20(EventDispatcherBase.java:289)
	at java.base/java.util.concurrent.Executors$RunnableAdapter.call(Executors.java:539)
	at java.base/java.util.concurrent.FutureTask.run(FutureTask.java:264)
	at java.base/java.util.concurrent.ThreadPoolExecutor.runWorker(ThreadPoolExecutor.java:1136)
	at java.base/java.util.concurrent.ThreadPoolExecutor$Worker.run(ThreadPoolExecutor.java:635)
	at java.base/java.lang.Thread.run(Thread.java:857)
[13:03:00.321] [WritingThread] [INFO] Websocket closed with reason 'No more WebSocket frame from the server.' and code UNCONFORMED (1002) by client!
[13:03:00.323] [WritingThread] [INFO] Trying to reconnect/resume in 1 seconds!
[13:07:21.328] [main] [INFO] Active version: v1.0 - Author: Nightusio
[13:07:21.329] [main] [INFO] Loading StormCity resources...
[13:07:21.410] [main] [INFO] Added configuration component: TokenConfig { path = 'token.yml', subconfigs = '' } [67 ms]
[13:07:23.504] [main] [INFO] Logged in as StormCity (1155940171020247121)
[13:07:23.540] [main] [INFO] Added configuration component: MessageConfig { path = 'messages.yml', subconfigs = '' } [32 ms]
[13:07:23.551] [main] [INFO] Added configuration component: BotConfig { path = 'config.yml', subconfigs = 'storageConfig' } [9 ms]
[13:07:23.551] [main] [INFO] Added injectable object: StorageConfig
[13:07:23.578] [main] [INFO] Added persistence component: DocumentPersistence { prefix = 'stormcity', type = 'FLAT' } [22 ms]
[13:07:23.586] [main] [INFO] Added repository component: MemberRepository [7 ms]
[13:07:23.592] [main] [INFO] Added listener (event) component: ExampleListener { type = 'MessageCreateListener' } [4 ms]
[13:07:23.594] [main] [INFO] Added command component: ExampleCommand { name = 'ping' } [2 ms]
[13:07:23.596] [main] [INFO] Added command component: ReloadCommand { name = 'reload' } [1 ms]
[13:07:23.598] [main] [INFO] Added command component: EmbedCommand { name = 'embed' } [1 ms]
[13:07:23.599] [main] [INFO] Added command component: VerifyCommand { name = 'verify' } [0 ms]
[13:07:23.600] [main] [INFO] Added listener (event) component: ButtonListener { type = 'ButtonClickListener' } [0 ms]
[13:07:23.601] [main] [INFO] Added listener (event) component: MessageSentListener { type = 'MessageCreateListener' } [1 ms]
[13:07:23.944] [main] [INFO] Loading complete! Done in 2s 805ms...
[13:07:29.608] [Javacord - Central ExecutorService - 4] [ERROR] Unhandled exception in a listener thread for Storm City!
java.util.NoSuchElementException: No value present
	at java.base/java.util.Optional.get(Optional.java:143)
	at me.night.hellhard.listener.MessageSentListener.onMessageCreate(MessageSentListener.java:39)
	at org.javacord.core.util.event.EventDispatcher.lambda$dispatchMessageCreateEvent$272(EventDispatcher.java:9168)
	at org.javacord.core.util.event.EventDispatcherBase.lambda$dispatchEvent$12(EventDispatcherBase.java:215)
	at org.javacord.core.util.event.EventDispatcherBase.lambda$checkRunningListenersAndStartIfPossible$20(EventDispatcherBase.java:289)
	at java.base/java.util.concurrent.Executors$RunnableAdapter.call(Executors.java:539)
	at java.base/java.util.concurrent.FutureTask.run(FutureTask.java:264)
	at java.base/java.util.concurrent.ThreadPoolExecutor.runWorker(ThreadPoolExecutor.java:1136)
	at java.base/java.util.concurrent.ThreadPoolExecutor$Worker.run(ThreadPoolExecutor.java:635)
	at java.base/java.lang.Thread.run(Thread.java:857)
[13:07:36.399] [Javacord - Central ExecutorService - 2] [ERROR] Unhandled exception in a listener thread for Storm City!
java.util.NoSuchElementException: No value present
	at java.base/java.util.Optional.get(Optional.java:143)
	at me.night.hellhard.listener.MessageSentListener.onMessageCreate(MessageSentListener.java:39)
	at org.javacord.core.util.event.EventDispatcher.lambda$dispatchMessageCreateEvent$272(EventDispatcher.java:9168)
	at org.javacord.core.util.event.EventDispatcherBase.lambda$dispatchEvent$12(EventDispatcherBase.java:215)
	at org.javacord.core.util.event.EventDispatcherBase.lambda$checkRunningListenersAndStartIfPossible$20(EventDispatcherBase.java:289)
	at java.base/java.util.concurrent.Executors$RunnableAdapter.call(Executors.java:539)
	at java.base/java.util.concurrent.FutureTask.run(FutureTask.java:264)
	at java.base/java.util.concurrent.ThreadPoolExecutor.runWorker(ThreadPoolExecutor.java:1136)
	at java.base/java.util.concurrent.ThreadPoolExecutor$Worker.run(ThreadPoolExecutor.java:635)
	at java.base/java.lang.Thread.run(Thread.java:857)
[13:07:47.827] [Javacord - Central ExecutorService - 3] [ERROR] Unhandled exception in a listener thread for Storm City!
java.util.NoSuchElementException: No value present
	at java.base/java.util.Optional.get(Optional.java:143)
	at me.night.hellhard.listener.MessageSentListener.onMessageCreate(MessageSentListener.java:39)
	at org.javacord.core.util.event.EventDispatcher.lambda$dispatchMessageCreateEvent$272(EventDispatcher.java:9168)
	at org.javacord.core.util.event.EventDispatcherBase.lambda$dispatchEvent$12(EventDispatcherBase.java:215)
	at org.javacord.core.util.event.EventDispatcherBase.lambda$checkRunningListenersAndStartIfPossible$20(EventDispatcherBase.java:289)
	at java.base/java.util.concurrent.Executors$RunnableAdapter.call(Executors.java:539)
	at java.base/java.util.concurrent.FutureTask.run(FutureTask.java:264)
	at java.base/java.util.concurrent.ThreadPoolExecutor.runWorker(ThreadPoolExecutor.java:1136)
	at java.base/java.util.concurrent.ThreadPoolExecutor$Worker.run(ThreadPoolExecutor.java:635)
	at java.base/java.lang.Thread.run(Thread.java:857)
[13:07:51.619] [Javacord - Central ExecutorService - 2] [ERROR] Unhandled exception in a listener thread for Storm City!
java.lang.ClassCastException: java.util.concurrent.CompletableFuture incompatible with org.javacord.api.entity.message.Message
	at me.night.hellhard.listener.MessageSentListener.onMessageCreate(MessageSentListener.java:54)
	at org.javacord.core.util.event.EventDispatcher.lambda$dispatchMessageCreateEvent$272(EventDispatcher.java:9168)
	at org.javacord.core.util.event.EventDispatcherBase.lambda$dispatchEvent$12(EventDispatcherBase.java:215)
	at org.javacord.core.util.event.EventDispatcherBase.lambda$checkRunningListenersAndStartIfPossible$20(EventDispatcherBase.java:289)
	at java.base/java.util.concurrent.Executors$RunnableAdapter.call(Executors.java:539)
	at java.base/java.util.concurrent.FutureTask.run(FutureTask.java:264)
	at java.base/java.util.concurrent.ThreadPoolExecutor.runWorker(ThreadPoolExecutor.java:1136)
	at java.base/java.util.concurrent.ThreadPoolExecutor$Worker.run(ThreadPoolExecutor.java:635)
	at java.base/java.lang.Thread.run(Thread.java:857)
[13:09:00.340] [Javacord - Central ExecutorService - 5] [ERROR] Unhandled exception in a listener thread for Storm City!
java.lang.ClassCastException: java.util.concurrent.CompletableFuture incompatible with org.javacord.api.entity.message.Message
	at me.night.hellhard.listener.MessageSentListener.onMessageCreate(MessageSentListener.java:54)
	at org.javacord.core.util.event.EventDispatcher.lambda$dispatchMessageCreateEvent$272(EventDispatcher.java:9168)
	at org.javacord.core.util.event.EventDispatcherBase.lambda$dispatchEvent$12(EventDispatcherBase.java:215)
	at org.javacord.core.util.event.EventDispatcherBase.lambda$checkRunningListenersAndStartIfPossible$20(EventDispatcherBase.java:289)
	at java.base/java.util.concurrent.Executors$RunnableAdapter.call(Executors.java:539)
	at java.base/java.util.concurrent.FutureTask.run(FutureTask.java:264)
	at java.base/java.util.concurrent.ThreadPoolExecutor.runWorker(ThreadPoolExecutor.java:1136)
	at java.base/java.util.concurrent.ThreadPoolExecutor$Worker.run(ThreadPoolExecutor.java:635)
	at java.base/java.lang.Thread.run(Thread.java:857)
[13:09:06.773] [main] [INFO] Active version: v1.0 - Author: Nightusio
[13:09:06.774] [main] [INFO] Loading StormCity resources...
[13:09:06.870] [main] [INFO] Added configuration component: TokenConfig { path = 'token.yml', subconfigs = '' } [82 ms]
[13:09:09.141] [main] [INFO] Logged in as StormCity (1155940171020247121)
[13:09:09.194] [main] [INFO] Added configuration component: MessageConfig { path = 'messages.yml', subconfigs = '' } [48 ms]
[13:09:09.208] [main] [INFO] Added configuration component: BotConfig { path = 'config.yml', subconfigs = 'storageConfig' } [12 ms]
[13:09:09.208] [main] [INFO] Added injectable object: StorageConfig
[13:09:09.285] [main] [INFO] Added persistence component: DocumentPersistence { prefix = 'stormcity', type = 'FLAT' } [68 ms]
[13:09:09.296] [main] [INFO] Added repository component: MemberRepository [10 ms]
[13:09:09.306] [main] [INFO] Added listener (event) component: ExampleListener { type = 'MessageCreateListener' } [8 ms]
[13:09:09.311] [main] [INFO] Added command component: ExampleCommand { name = 'ping' } [4 ms]
[13:09:09.315] [main] [INFO] Added command component: ReloadCommand { name = 'reload' } [2 ms]
[13:09:09.320] [main] [INFO] Added command component: EmbedCommand { name = 'embed' } [3 ms]
[13:09:09.321] [main] [INFO] Added command component: VerifyCommand { name = 'verify' } [0 ms]
[13:09:09.324] [main] [INFO] Added listener (event) component: ButtonListener { type = 'ButtonClickListener' } [1 ms]
[13:09:09.326] [main] [INFO] Added listener (event) component: MessageSentListener { type = 'MessageCreateListener' } [1 ms]
[13:09:09.798] [main] [INFO] Loading complete! Done in 3s 259ms...
[13:09:12.741] [Javacord - Central ExecutorService - 2] [ERROR] Unhandled exception in a listener thread for Storm City!
java.lang.ClassCastException: java.util.concurrent.CompletableFuture incompatible with org.javacord.api.entity.message.Message
	at me.night.hellhard.listener.MessageSentListener.onMessageCreate(MessageSentListener.java:55)
	at org.javacord.core.util.event.EventDispatcher.lambda$dispatchMessageCreateEvent$272(EventDispatcher.java:9168)
	at org.javacord.core.util.event.EventDispatcherBase.lambda$dispatchEvent$12(EventDispatcherBase.java:215)
	at org.javacord.core.util.event.EventDispatcherBase.lambda$checkRunningListenersAndStartIfPossible$20(EventDispatcherBase.java:289)
	at java.base/java.util.concurrent.Executors$RunnableAdapter.call(Executors.java:539)
	at java.base/java.util.concurrent.FutureTask.run(FutureTask.java:264)
	at java.base/java.util.concurrent.ThreadPoolExecutor.runWorker(ThreadPoolExecutor.java:1136)
	at java.base/java.util.concurrent.ThreadPoolExecutor$Worker.run(ThreadPoolExecutor.java:635)
	at java.base/java.lang.Thread.run(Thread.java:857)
[13:10:01.387] [main] [INFO] Active version: v1.0 - Author: Nightusio
[13:10:01.388] [main] [INFO] Loading StormCity resources...
[13:10:01.468] [main] [INFO] Added configuration component: TokenConfig { path = 'token.yml', subconfigs = '' } [68 ms]
[13:10:03.794] [main] [INFO] Logged in as StormCity (1155940171020247121)
[13:10:03.828] [main] [INFO] Added configuration component: MessageConfig { path = 'messages.yml', subconfigs = '' } [30 ms]
[13:10:03.838] [main] [INFO] Added configuration component: BotConfig { path = 'config.yml', subconfigs = 'storageConfig' } [9 ms]
[13:10:03.838] [main] [INFO] Added injectable object: StorageConfig
[13:10:03.868] [main] [INFO] Added persistence component: DocumentPersistence { prefix = 'stormcity', type = 'FLAT' } [25 ms]
[13:10:03.877] [main] [INFO] Added repository component: MemberRepository [8 ms]
[13:10:03.883] [main] [INFO] Added listener (event) component: ExampleListener { type = 'MessageCreateListener' } [5 ms]
[13:10:03.886] [main] [INFO] Added command component: ExampleCommand { name = 'ping' } [2 ms]
[13:10:03.888] [main] [INFO] Added command component: ReloadCommand { name = 'reload' } [1 ms]
[13:10:03.890] [main] [INFO] Added command component: EmbedCommand { name = 'embed' } [2 ms]
[13:10:03.891] [main] [INFO] Added command component: VerifyCommand { name = 'verify' } [0 ms]
[13:10:03.892] [main] [INFO] Added listener (event) component: ButtonListener { type = 'ButtonClickListener' } [0 ms]
[13:10:03.893] [main] [INFO] Added listener (event) component: MessageSentListener { type = 'MessageCreateListener' } [1 ms]
[13:10:04.229] [main] [INFO] Loading complete! Done in 3s 75ms...
[13:35:10.415] [main] [INFO] Active version: v1.0 - Author: Nightusio
[13:35:10.416] [main] [INFO] Loading StormCity resources...
[13:35:10.512] [main] [INFO] Added configuration component: TokenConfig { path = 'token.yml', subconfigs = '' } [79 ms]
[13:35:12.758] [main] [INFO] Logged in as StormCity (1155940171020247121)
[13:35:12.804] [main] [INFO] Added configuration component: MessageConfig { path = 'messages.yml', subconfigs = '' } [42 ms]
[13:35:12.814] [main] [INFO] Added configuration component: BotConfig { path = 'config.yml', subconfigs = 'storageConfig' } [9 ms]
[13:35:12.814] [main] [INFO] Added injectable object: StorageConfig
[13:35:12.846] [main] [INFO] Added persistence component: DocumentPersistence { prefix = 'stormcity', type = 'FLAT' } [24 ms]
[13:35:12.852] [main] [INFO] Added repository component: MemberRepository [5 ms]
[13:35:12.858] [main] [INFO] Added listener (event) component: ExampleListener { type = 'MessageCreateListener' } [4 ms]
[13:35:12.861] [main] [INFO] Added command component: ExampleCommand { name = 'ping' } [3 ms]
[13:35:12.862] [main] [INFO] Added command component: ReloadCommand { name = 'reload' } [1 ms]
[13:35:12.865] [main] [INFO] Added command component: EmbedCommand { name = 'embed' } [2 ms]
[13:35:12.868] [main] [INFO] Added command component: VerifyCommand { name = 'verify' } [0 ms]
[13:35:12.870] [main] [INFO] Added listener (event) component: ButtonListener { type = 'ButtonClickListener' } [1 ms]
[13:35:12.871] [main] [INFO] Added listener (event) component: MessageSentListener { type = 'MessageCreateListener' } [1 ms]
[13:35:13.465] [main] [INFO] Loading complete! Done in 3s 281ms...
[13:36:22.579] [main] [INFO] Active version: v1.0 - Author: Nightusio
[13:36:22.580] [main] [INFO] Loading StormCity resources...
[13:36:22.664] [main] [INFO] Added configuration component: TokenConfig { path = 'token.yml', subconfigs = '' } [70 ms]
[13:36:25.868] [main] [INFO] Logged in as StormCity (1155940171020247121)
[13:36:25.902] [main] [INFO] Added configuration component: MessageConfig { path = 'messages.yml', subconfigs = '' } [31 ms]
[13:36:25.913] [main] [INFO] Added configuration component: BotConfig { path = 'config.yml', subconfigs = 'storageConfig' } [10 ms]
[13:36:25.913] [main] [INFO] Added injectable object: StorageConfig
[13:36:25.945] [main] [INFO] Added persistence component: DocumentPersistence { prefix = 'stormcity', type = 'FLAT' } [26 ms]
[13:36:25.952] [main] [INFO] Added repository component: MemberRepository [6 ms]
[13:36:25.961] [main] [INFO] Added listener (event) component: ExampleListener { type = 'MessageCreateListener' } [8 ms]
[13:36:25.964] [main] [INFO] Added command component: ExampleCommand { name = 'ping' } [2 ms]
[13:36:25.967] [main] [INFO] Added command component: ReloadCommand { name = 'reload' } [1 ms]
[13:36:25.969] [main] [INFO] Added command component: EmbedCommand { name = 'embed' } [2 ms]
[13:36:25.970] [main] [INFO] Added command component: VerifyCommand { name = 'verify' } [0 ms]
[13:36:25.971] [main] [INFO] Added listener (event) component: ButtonListener { type = 'ButtonClickListener' } [0 ms]
[13:36:25.972] [main] [INFO] Added listener (event) component: MessageSentListener { type = 'MessageCreateListener' } [0 ms]
[13:36:26.320] [main] [INFO] Loading complete! Done in 3s 950ms...
[18:03:18.452] [main] [INFO] Active version: v1.0 - Author: Nightusio
[18:03:18.453] [main] [INFO] Loading StormCity resources...
[18:03:18.598] [main] [INFO] Added configuration component: TokenConfig { path = 'token.yml', subconfigs = '' } [123 ms]
[18:03:21.293] [main] [INFO] Logged in as StormCity (1155940171020247121)
[18:03:21.346] [main] [INFO] Added configuration component: MessageConfig { path = 'messages.yml', subconfigs = '' } [49 ms]
[18:03:21.356] [main] [INFO] Added configuration component: BotConfig { path = 'config.yml', subconfigs = 'storageConfig' } [9 ms]
[18:03:21.357] [main] [INFO] Added injectable object: StorageConfig
[18:03:21.398] [main] [INFO] Added persistence component: DocumentPersistence { prefix = 'stormcity', type = 'FLAT' } [35 ms]
[18:03:21.406] [main] [INFO] Added repository component: MemberRepository [7 ms]
[18:03:21.417] [main] [INFO] Added listener (event) component: ExampleListener { type = 'MessageCreateListener' } [9 ms]
[18:03:21.421] [main] [INFO] Added command component: ExampleCommand { name = 'ping' } [3 ms]
[18:03:21.424] [main] [INFO] Added command component: ReloadCommand { name = 'reload' } [2 ms]
[18:03:21.429] [main] [INFO] Added command component: EmbedCommand { name = 'embed' } [4 ms]
[18:03:21.430] [main] [INFO] Added command component: VerifyCommand { name = 'verify' } [0 ms]
[18:03:21.432] [main] [INFO] Added listener (event) component: ButtonListener { type = 'ButtonClickListener' } [1 ms]
[18:03:21.433] [main] [INFO] Added listener (event) component: MessageSentListener { type = 'MessageCreateListener' } [0 ms]
[18:03:21.434] [main] [INFO] Added listener (event) component: JoinListener { type = 'ServerMemberJoinListener' } [0 ms]
[18:03:21.863] [main] [INFO] Loading complete! Done in 3s 798ms...
[18:04:27.987] [Javacord - Central ExecutorService - 1] [ERROR] Unhandled exception in a listener thread for Storm City!
java.lang.NullPointerException: Cannot read field "welcomeChannelId" because "me.night.hellhard.listener.JoinListener.botConfig" is null
	at me.night.hellhard.listener.JoinListener.onServerMemberJoin(JoinListener.java:28)
	at org.javacord.core.util.event.EventDispatcher.lambda$dispatchServerMemberJoinEvent$96(EventDispatcher.java:3449)
	at org.javacord.core.util.event.EventDispatcherBase.lambda$dispatchEvent$12(EventDispatcherBase.java:215)
	at org.javacord.core.util.event.EventDispatcherBase.lambda$checkRunningListenersAndStartIfPossible$20(EventDispatcherBase.java:289)
	at java.base/java.util.concurrent.Executors$RunnableAdapter.call(Executors.java:539)
	at java.base/java.util.concurrent.FutureTask.run(FutureTask.java:264)
	at java.base/java.util.concurrent.ThreadPoolExecutor.runWorker(ThreadPoolExecutor.java:1136)
	at java.base/java.util.concurrent.ThreadPoolExecutor$Worker.run(ThreadPoolExecutor.java:635)
	at java.base/java.lang.Thread.run(Thread.java:857)
[18:05:10.831] [main] [INFO] Active version: v1.0 - Author: Nightusio
[18:05:10.832] [main] [INFO] Loading StormCity resources...
[18:05:10.916] [main] [INFO] Added configuration component: TokenConfig { path = 'token.yml', subconfigs = '' } [71 ms]
[18:05:13.139] [main] [INFO] Logged in as StormCity (1155940171020247121)
[18:05:13.181] [main] [INFO] Added configuration component: MessageConfig { path = 'messages.yml', subconfigs = '' } [38 ms]
[18:05:13.194] [main] [INFO] Added configuration component: BotConfig { path = 'config.yml', subconfigs = 'storageConfig' } [12 ms]
[18:05:13.194] [main] [INFO] Added injectable object: StorageConfig
[18:05:13.231] [main] [INFO] Added persistence component: DocumentPersistence { prefix = 'stormcity', type = 'FLAT' } [31 ms]
[18:05:13.239] [main] [INFO] Added repository component: MemberRepository [7 ms]
[18:05:13.247] [main] [INFO] Added listener (event) component: ExampleListener { type = 'MessageCreateListener' } [7 ms]
[18:05:13.251] [main] [INFO] Added command component: ExampleCommand { name = 'ping' } [3 ms]
[18:05:13.253] [main] [INFO] Added command component: ReloadCommand { name = 'reload' } [2 ms]
[18:05:13.256] [main] [INFO] Added command component: EmbedCommand { name = 'embed' } [2 ms]
[18:05:13.257] [main] [INFO] Added command component: VerifyCommand { name = 'verify' } [0 ms]
[18:05:13.260] [main] [INFO] Added listener (event) component: ButtonListener { type = 'ButtonClickListener' } [0 ms]
[18:05:13.261] [main] [INFO] Added listener (event) component: MessageSentListener { type = 'MessageCreateListener' } [1 ms]
[18:05:13.262] [main] [INFO] Added listener (event) component: JoinListener { type = 'ServerMemberJoinListener' } [1 ms]
[18:05:13.657] [main] [INFO] Loading complete! Done in 3s 33ms...
[18:10:19.799] [main] [INFO] Active version: v1.0 - Author: Nightusio
[18:10:19.800] [main] [INFO] Loading StormCity resources...
[18:10:19.898] [main] [INFO] Added configuration component: TokenConfig { path = 'token.yml', subconfigs = '' } [83 ms]
[18:10:22.102] [main] [INFO] Logged in as StormCity (1155940171020247121)
[18:10:22.143] [main] [INFO] Added configuration component: MessageConfig { path = 'messages.yml', subconfigs = '' } [33 ms]
[18:10:22.156] [main] [INFO] Added configuration component: BotConfig { path = 'config.yml', subconfigs = 'storageConfig' } [11 ms]
[18:10:22.156] [main] [INFO] Added injectable object: StorageConfig
[18:10:22.202] [main] [INFO] Added persistence component: DocumentPersistence { prefix = 'stormcity', type = 'FLAT' } [36 ms]
[18:10:22.209] [main] [INFO] Added repository component: MemberRepository [6 ms]
[18:10:22.218] [main] [INFO] Added listener (event) component: ExampleListener { type = 'MessageCreateListener' } [7 ms]
[18:10:22.223] [main] [INFO] Added command component: ExampleCommand { name = 'ping' } [4 ms]
[18:10:22.226] [main] [INFO] Added command component: ReloadCommand { name = 'reload' } [2 ms]
[18:10:22.231] [main] [INFO] Added command component: EmbedCommand { name = 'embed' } [5 ms]
[18:10:22.232] [main] [INFO] Added command component: VerifyCommand { name = 'verify' } [1 ms]
[18:10:22.233] [main] [INFO] Added listener (event) component: ButtonListener { type = 'ButtonClickListener' } [0 ms]
[18:10:22.235] [main] [INFO] Added listener (event) component: MessageSentListener { type = 'MessageCreateListener' } [1 ms]
[18:10:22.237] [main] [INFO] Added listener (event) component: JoinListener { type = 'ServerMemberJoinListener' } [1 ms]
[18:10:22.557] [main] [INFO] Loading complete! Done in 2s 967ms...
[18:26:05.685] [WritingThread] [INFO] Websocket closed with reason 'No more WebSocket frame from the server.' and code UNCONFORMED (1002) by client!
[18:26:05.688] [WritingThread] [INFO] Trying to reconnect/resume in 1 seconds!
[18:47:37.398] [ReadingThread] [INFO] Websocket closed with reason 'Discord commanded a reconnect (Received opcode 7)' and code COMMANDED_RECONNECT (4999) by client!
[18:47:37.398] [ReadingThread] [INFO] Trying to reconnect/resume in 1 seconds!
[20:19:52.290] [WritingThread] [INFO] Websocket closed with reason 'No more WebSocket frame from the server.' and code UNCONFORMED (1002) by client!
[20:19:52.297] [WritingThread] [INFO] Trying to reconnect/resume in 1 seconds!
[21:48:45.265] [WritingThread] [INFO] Websocket closed with reason 'No more WebSocket frame from the server.' and code UNCONFORMED (1002) by client!
[21:48:45.266] [WritingThread] [INFO] Trying to reconnect/resume in 1 seconds!
[23:16:03.844] [WritingThread] [INFO] Websocket closed with reason 'No more WebSocket frame from the server.' and code UNCONFORMED (1002) by client!
[23:16:03.844] [WritingThread] [INFO] Trying to reconnect/resume in 1 seconds!
[01:05:54.791] [ReadingThread] [INFO] Websocket closed with reason 'Discord commanded a reconnect (Received opcode 7)' and code COMMANDED_RECONNECT (4999) by client!
[01:05:54.792] [ReadingThread] [INFO] Trying to reconnect/resume in 1 seconds!
[01:58:52.892] [WritingThread] [INFO] Websocket closed with reason 'No more WebSocket frame from the server.' and code UNCONFORMED (1002) by client!
[01:58:52.892] [WritingThread] [INFO] Trying to reconnect/resume in 1 seconds!
[02:32:31.683] [ReadingThread] [INFO] Websocket closed with reason 'Discord commanded a reconnect (Received opcode 7)' and code COMMANDED_RECONNECT (4999) by client!
[02:32:31.683] [ReadingThread] [INFO] Trying to reconnect/resume in 1 seconds!
[05:13:41.128] [ReadingThread] [INFO] Websocket closed with reason 'Discord commanded a reconnect (Received opcode 7)' and code COMMANDED_RECONNECT (4999) by client!
[05:13:41.129] [ReadingThread] [INFO] Trying to reconnect/resume in 1 seconds!
